\BOOKMARK [0][-]{chapter*.1}{\376\377\000P\000r\000e\000f\000a\000c\000e}{}% 1
\BOOKMARK [0][-]{chapter*.2}{\376\377\000T\000A\000B\000L\000E\000\040\000D\000E\000\040\000M\000A\000T\000I\000\310\000R\000E}{}% 2
\BOOKMARK [0][-]{chapter.1}{\376\377\000L\000E\000S\000\040\000I\000N\000\311\000G\000A\000L\000I\000T\000\311\000S\000\040}{}% 3
\BOOKMARK [1][-]{section.1.1}{\376\377\000T\000e\000c\000h\000n\000i\000q\000u\000e\000s\000\040\000g\000\351\000n\000\351\000r\000a\000l\000e\000s\000\040}{chapter.1}% 4
\BOOKMARK [1][-]{section.1.2}{\376\377\000I\000n\000\351\000g\000a\000l\000i\000t\000\351\000s\000\040\000L\000o\000c\000a\000l\000e\000s}{chapter.1}% 5
\BOOKMARK [1][-]{section.1.3}{\376\377\000Q\000u\000e\000l\000q\000u\000e\000s\000\040\000I\000n\000\351\000g\000a\000l\000i\000t\000\351\000s\000\040\000c\000l\000a\000s\000s\000i\000q\000u\000e\000s}{chapter.1}% 6
\BOOKMARK [1][-]{section.1.4}{\376\377\000E\000x\000e\000r\000c\000i\000c\000e\000s\000\040}{chapter.1}% 7
\BOOKMARK [0][-]{chapter.2}{\376\377\000L\000E\000S\000\040\000S\000\311\000R\000I\000E\000S\000\040\000N\000U\000M\000\311\000R\000I\000Q\000U\000E\000S}{}% 8
\BOOKMARK [1][-]{section.2.1}{\376\377\000S\000\351\000r\000i\000e\000s\000\040\000N\000u\000m\000\351\000r\000i\000q\000u\000e\000s\000\040\000d\000\351\000f\000i\000n\000i\000s\000\040\000e\000x\000p\000l\000i\000c\000i\000t\000e\000m\000e\000n\000t}{chapter.2}% 9
\BOOKMARK [1][-]{section.2.2}{\376\377\000A\000p\000p\000l\000i\000c\000a\000t\000i\000o\000n\000\040\000:\000\040\000\311\000t\000u\000d\000e\000\040\000d\000e\000s\000\040\000s\000u\000i\000t\000e\000s\000\040\000e\000n\000\040\000u\000t\000i\000l\000i\000s\000a\000n\000t\000\040\000l\000e\000s\000\040\000s\000\351\000r\000i\000e\000s\000\040\000n\000u\000m\000\351\000r\000i\000q\000u\000e\000s\000\040}{chapter.2}% 10
\BOOKMARK [1][-]{section.2.3}{\376\377\000S\000\351\000r\000i\000e\000s\000\040\000N\000u\000m\000\351\000r\000i\000q\000u\000e\000s\000\040\000d\000\351\000f\000i\000n\000i\000s\000\040\000e\000x\000p\000l\000i\000c\000i\000t\000e\000m\000e\000n\000t}{chapter.2}% 11
\BOOKMARK [1][-]{section.2.4}{\376\377\000S\000\351\000r\000i\000e\000\040\000E\000n\000t\000i\000\350\000r\000e\000\040\000|\000\040\000r\000a\000y\000o\000n\000\040\000d\000e\000\040\000c\000o\000n\000v\000e\000r\000g\000e\000n\000c\000e}{chapter.2}% 12
\BOOKMARK [1][-]{section.2.5}{\376\377\000E\000x\000e\000r\000c\000i\000c\000e\000s\000\040}{chapter.2}% 13
\BOOKMARK [0][-]{chapter.3}{\376\377\000L\000E\000S\000\040\000S\000\311\000R\000I\000E\000S\000\040\000D\000E\000\040\000F\000O\000N\000C\000T\000I\000O\000N\000S}{}% 14
\BOOKMARK [1][-]{section.3.1}{\376\377\000L\000e\000s\000\040\000q\000u\000a\000t\000r\000e\000\040\000m\000o\000d\000e\000s\000\040\000d\000e\000\040\000c\000o\000n\000v\000e\000r\000g\000e\000n\000c\000e\000s\000\040}{chapter.3}% 15
\BOOKMARK [1][-]{section.3.2}{\376\377\000\311\000t\000u\000d\000e\000\040\000p\000r\000a\000t\000i\000q\000u\000e\000\040\000d\000'\000u\000n\000e\000\040\000s\000\351\000r\000i\000e\000\040\000d\000e\000s\000\040\000f\000o\000n\000c\000t\000i\000o\000n\000s\000\040}{chapter.3}% 16
\BOOKMARK [1][-]{section.3.3}{\376\377\000\311\000t\000u\000d\000e\000\040\000d\000e\000s\000\040\000s\000\351\000r\000i\000e\000s\000\040\000e\000n\000t\000i\000\350\000r\000e\000s}{chapter.3}% 17
\BOOKMARK [1][-]{section.3.4}{\376\377\000E\000x\000e\000r\000c\000i\000c\000e\000s\000\040}{chapter.3}% 18
\BOOKMARK [0][-]{chapter.4}{\376\377\000I\000N\000T\000\311\000G\000R\000A\000L\000E\000S\000\040\000G\000\311\000N\000\311\000R\000A\000L\000I\000S\000\311\000E\000S}{}% 19
\BOOKMARK [1][-]{section.4.1}{\376\377\000D\000\351\000f\000i\000n\000i\000t\000i\000o\000n\000s\000\040\000e\000t\000\040\000p\000r\000o\000p\000r\000i\000\351\000t\000\351\000s\000\040\000f\000o\000n\000d\000a\000m\000e\000n\000t\000a\000l\000e\000s}{chapter.4}% 20
\BOOKMARK [1][-]{section.4.2}{\376\377\000T\000h\000\351\000o\000r\000\350\000m\000e\000s\000\040\000d\000e\000\040\000c\000o\000n\000v\000e\000r\000g\000e\000n\000c\000e\000\040\000d\000o\000m\000i\000n\000\351\000e}{chapter.4}% 21
\BOOKMARK [1][-]{section.4.3}{\376\377\000E\000x\000e\000r\000c\000i\000c\000e\000s}{chapter.4}% 22
\BOOKMARK [0][-]{chapter.5}{\376\377\000I\000N\000T\000\311\000G\000R\000A\000L\000E\000S\000\040\000P\000A\000R\000A\000M\000\311\000T\000R\000\311\000S}{}% 23
\BOOKMARK [1][-]{section.5.1}{\376\377\000\311\000t\000u\000d\000e\000\040\000p\000r\000a\000t\000i\000q\000u\000e\000\040\000d\000'\000u\000n\000e\000\040\000i\000n\000t\000\351\000g\000r\000a\000l\000e\000\040\000p\000a\000r\000a\000m\000\351\000t\000r\000\351\000\040}{chapter.5}% 24
\BOOKMARK [1][-]{section.5.2}{\376\377\000T\000r\000a\000n\000s\000f\000o\000r\000m\000\351\000\040\000d\000e\000\040\000L\000A\000P\000L\000A\000C\000E\000\040}{chapter.5}% 25
\BOOKMARK [1][-]{section.5.3}{\376\377\000T\000r\000a\000n\000s\000f\000o\000r\000m\000\351\000\040\000d\000e\000\040\000F\000O\000U\000R\000I\000E\000R\000\040}{chapter.5}% 26
\BOOKMARK [1][-]{section.5.4}{\376\377\000E\000x\000e\000r\000c\000i\000c\000e\000s\000\040}{chapter.5}% 27
\BOOKMARK [0][-]{chapter.6}{\376\377\000L\000E\000S\000\040\000\311\000Q\000U\000A\000T\000I\000O\000N\000S\000\040\000D\000I\000F\000F\000\311\000R\000E\000N\000T\000I\000E\000L\000L\000E\000S\000\040\000O\000R\000D\000I\000N\000A\000I\000R\000E\000S}{}% 28
\BOOKMARK [1][-]{section.6.1}{\376\377\000P\000r\000o\000b\000l\000\350\000m\000e\000\040\000d\000e\000\040\000C\000a\000u\000c\000h\000y}{chapter.6}% 29
\BOOKMARK [1][-]{section.6.2}{\376\377\000L\000e\000s\000\040\000\351\000q\000u\000a\000t\000i\000o\000n\000\040\000L\000i\000n\000\351\000a\000i\000r\000e\000s\000\040}{chapter.6}% 30
\BOOKMARK [1][-]{section.6.3}{\376\377\000E\000x\000e\000r\000c\000i\000c\000e\000s}{chapter.6}% 31
\BOOKMARK [0][-]{chapter.7}{\376\377\000L\000E\000S\000\040\000T\000E\000C\000H\000N\000I\000Q\000U\000E\000S\000\040\000D\000E\000\040\000C\000A\000L\000C\000U\000L\000\040\000D\000E\000S\000\040\000I\000N\000T\000\311\000G\000R\000A\000L\000E\000S\000\040\000E\000T\000\040\000D\000E\000S\000\040\000S\000\311\000R\000I\000E\000S}{}% 32
\BOOKMARK [1][-]{section.7.1}{\376\377\000T\000e\000c\000h\000n\000i\000q\000u\000e\000s\000\040\000d\000e\000\040\000b\000a\000s\000e}{chapter.7}% 33
\BOOKMARK [1][-]{section.7.2}{\376\377\000M\000\351\000t\000h\000o\000d\000e\000\040\000d\000e\000\040\000F\000e\000y\000n\000m\000a\000n}{chapter.7}% 34
\BOOKMARK [1][-]{section.7.3}{\376\377\000M\000\351\000t\000h\000o\000d\000e\000\040\000d\000e\000\040\000A\000M\000D}{chapter.7}% 35
\BOOKMARK [1][-]{section.7.4}{\376\377\000R\000\351\000s\000u\000m\000\351\000\040\000d\000e\000\040\000p\000r\000o\000b\000a\000b\000i\000l\000i\000t\000\351\000\040}{chapter.7}% 36
\BOOKMARK [1][-]{section.7.5}{\376\377\000E\000x\000e\000r\000c\000i\000c\000e\000s}{chapter.7}% 37
